#
# There is insufficient memory for the Java Runtime Environment to continue.
# Native memory allocation (malloc) failed to allocate 2097152 bytes for AllocateHeap
# Possible reasons:
#   The system is out of physical RAM or swap space
#   The process is running with CompressedOops enabled, and the Java Heap may be blocking the growth of the native heap
# Possible solutions:
#   Reduce memory load on the system
#   Increase physical memory or swap space
#   Check if swap backing store is full
#   Decrease Java heap size (-Xmx/-Xms)
#   Decrease number of Java threads
#   Decrease Java thread stack sizes (-Xss)
#   Set larger code cache with -XX:ReservedCodeCacheSize=
#   JVM is running with Unscaled Compressed Oops mode in which the Java heap is
#     placed in the first 4GB address space. The Java Heap base address is the
#     maximum limit for the native heap growth. Please use -XX:HeapBaseMinAddress
#     to set the Java Heap base and to place the Java Heap above 4GB virtual address.
# This output file may be truncated or incomplete.
#
#  Out of Memory Error (allocation.cpp:44), pid=23736, tid=11912
#
# JRE version: OpenJDK Runtime Environment JBR-17.0.9+7-1087.7-nomod (17.0.9+7) (build 17.0.9+7-b1087.7)
# Java VM: OpenJDK 64-Bit Server VM JBR-17.0.9+7-1087.7-nomod (17.0.9+7-b1087.7, mixed mode, emulated-client, tiered, compressed oops, compressed class ptrs, g1 gc, windows-amd64)
# No core dump will be written. Minidumps are not enabled by default on client versions of Windows
#

---------------  S U M M A R Y ------------

Command Line: -XX:TieredStopAtLevel=1 -Dspring.output.ansi.enabled=always -Dcom.sun.management.jmxremote -Dspring.jmx.enabled=true -Dspring.liveBeansView.mbeanDomain -Dspring.application.admin.enabled=true -Dmanagement.endpoints.jmx.exposure.include=* -javaagent:C:\Program Files\JetBrains\IntelliJ IDEA 2023.2.5\lib\idea_rt.jar=50698:C:\Program Files\JetBrains\IntelliJ IDEA 2023.2.5\bin -Dfile.encoding=UTF-8 com.example.CrudApplication

Host: AMD Ryzen 7 4800H with Radeon Graphics         , 16 cores, 7G,  Windows 11 , 64 bit Build 22621 (10.0.22621.3085)
Time: Tue Mar 12 09:12:38 2024 SE Asia Standard Time elapsed time: 1207.782664 seconds (0d 0h 20m 7s)

---------------  T H R E A D  ---------------

Current thread (0x000001d1d892a510):  VMThread "VM Thread" [stack: 0x000000a0a2600000,0x000000a0a2700000] [id=11912]

Stack: [0x000000a0a2600000,0x000000a0a2700000]
Native frames: (J=compiled Java code, j=interpreted, Vv=VM code, C=native code)
V  [jvm.dll+0x6886e9]
V  [jvm.dll+0x841e4a]
V  [jvm.dll+0x843a8e]
V  [jvm.dll+0x8440f3]
V  [jvm.dll+0x24c14f]
V  [jvm.dll+0xa6b5b]
V  [jvm.dll+0x2fdc61]
V  [jvm.dll+0x2f8f90]
V  [jvm.dll+0x2e13e7]
V  [jvm.dll+0x325497]
V  [jvm.dll+0x8487eb]
V  [jvm.dll+0x849531]
V  [jvm.dll+0x849a4d]
V  [jvm.dll+0x849e24]
V  [jvm.dll+0x849ef0]
V  [jvm.dll+0x7f06aa]
V  [jvm.dll+0x687565]
C  [ucrtbase.dll+0x29363]
C  [KERNEL32.DLL+0x1257d]
C  [ntdll.dll+0x5aa58]

VM_Operation (0x000000a0a1dfed70): G1CollectFull, mode: safepoint, requested by thread 0x000001d1def53770


---------------  P R O C E S S  ---------------

Threads class SMR info:
_java_thread_list=0x000001d1ded693e0, length=19, elements={
0x000001d1dd03a250, 0x000001d1dd03ade0, 0x000001d1dd062010, 0x000001d1dd062ba0,
0x000001d1dd064480, 0x000001d1dd064d50, 0x000001d1dd065c30, 0x000001d1dd066540,
0x000001d1d890d480, 0x000001d1dd505320, 0x000001d1dd505800, 0x000001d1dd6e95a0,
0x000001d1de47fca0, 0x000001d1de66bb60, 0x000001d1de66c070, 0x000001d1def51e20,
0x000001d1def54bb0, 0x000001d1def4fab0, 0x000001d1def53770
}

Java Threads: ( => current thread )
  0x000001d1dd03a250 JavaThread "Reference Handler" daemon [_thread_blocked, id=7872, stack(0x000000a0a2700000,0x000000a0a2800000)]
  0x000001d1dd03ade0 JavaThread "Finalizer" daemon [_thread_blocked, id=12580, stack(0x000000a0a2800000,0x000000a0a2900000)]
  0x000001d1dd062010 JavaThread "Signal Dispatcher" daemon [_thread_blocked, id=4128, stack(0x000000a0a2900000,0x000000a0a2a00000)]
  0x000001d1dd062ba0 JavaThread "Attach Listener" daemon [_thread_blocked, id=4316, stack(0x000000a0a2a00000,0x000000a0a2b00000)]
  0x000001d1dd064480 JavaThread "Service Thread" daemon [_thread_blocked, id=4176, stack(0x000000a0a2b00000,0x000000a0a2c00000)]
  0x000001d1dd064d50 JavaThread "Monitor Deflation Thread" daemon [_thread_blocked, id=13268, stack(0x000000a0a2c00000,0x000000a0a2d00000)]
  0x000001d1dd065c30 JavaThread "C1 CompilerThread0" daemon [_thread_blocked, id=14060, stack(0x000000a0a2d00000,0x000000a0a2e00000)]
  0x000001d1dd066540 JavaThread "Sweeper thread" daemon [_thread_blocked, id=12236, stack(0x000000a0a2e00000,0x000000a0a2f00000)]
  0x000001d1d890d480 JavaThread "Common-Cleaner" daemon [_thread_blocked, id=25160, stack(0x000000a0a2f00000,0x000000a0a3000000)]
  0x000001d1dd505320 JavaThread "Monitor Ctrl-Break" daemon [_thread_in_native, id=24552, stack(0x000000a0a3100000,0x000000a0a3200000)]
  0x000001d1dd505800 JavaThread "Notification Thread" daemon [_thread_blocked, id=16524, stack(0x000000a0a3200000,0x000000a0a3300000)]
  0x000001d1dd6e95a0 JavaThread "RMI TCP Accept-0" daemon [_thread_in_native, id=10420, stack(0x000000a0a3400000,0x000000a0a3500000)]
  0x000001d1de47fca0 JavaThread "RMI Scheduler(0)" daemon [_thread_blocked, id=19116, stack(0x000000a0a4700000,0x000000a0a4800000)]
  0x000001d1de66bb60 JavaThread "BufferPoolPruner-1-thread-1" daemon [_thread_blocked, id=25528, stack(0x000000a0a4e00000,0x000000a0a4f00000)]
  0x000001d1de66c070 JavaThread "Live Reload Server" daemon [_thread_in_native, id=13864, stack(0x000000a0a5400000,0x000000a0a5500000)]
  0x000001d1def51e20 JavaThread "DestroyJavaVM" [_thread_blocked, id=7884, stack(0x000000a0a2000000,0x000000a0a2100000)]
  0x000001d1def54bb0 JavaThread "File Watcher" daemon [_thread_blocked, id=12640, stack(0x000000a0a1e00000,0x000000a0a1f00000)]
  0x000001d1def4fab0 JavaThread "File Watcher" daemon [_thread_blocked, id=18488, stack(0x000000a0a3600000,0x000000a0a3700000)]
  0x000001d1def53770 JavaThread "Thread-105" [_thread_blocked, id=21400, stack(0x000000a0a1d00000,0x000000a0a1e00000)]

Other Threads:
=>0x000001d1d892a510 VMThread "VM Thread" [stack: 0x000000a0a2600000,0x000000a0a2700000] [id=11912]
  0x000001d1dd6e9e80 WatcherThread [stack: 0x000000a0a3500000,0x000000a0a3600000] [id=6508]
  0x000001d1ca8a9cf0 GCTaskThread "GC Thread#0" [stack: 0x000000a0a2100000,0x000000a0a2200000] [id=3924]
  0x000001d1ddaffb80 GCTaskThread "GC Thread#1" [stack: 0x000000a0a3900000,0x000000a0a3a00000] [id=19960]
  0x000001d1ddb00250 GCTaskThread "GC Thread#2" [stack: 0x000000a0a3a00000,0x000000a0a3b00000] [id=12324]
  0x000001d1ddb00720 GCTaskThread "GC Thread#3" [stack: 0x000000a0a3b00000,0x000000a0a3c00000] [id=7316]
  0x000001d1ddb029b0 GCTaskThread "GC Thread#4" [stack: 0x000000a0a3c00000,0x000000a0a3d00000] [id=19412]
  0x000001d1ddb01670 GCTaskThread "GC Thread#5" [stack: 0x000000a0a3d00000,0x000000a0a3e00000] [id=14080]
  0x000001d1ddb02430 GCTaskThread "GC Thread#6" [stack: 0x000000a0a3e00000,0x000000a0a3f00000] [id=20700]
  0x000001d1ddb010f0 GCTaskThread "GC Thread#7" [stack: 0x000000a0a4000000,0x000000a0a4100000] [id=22324]
  0x000001d1ddb01eb0 GCTaskThread "GC Thread#8" [stack: 0x000000a0a4100000,0x000000a0a4200000] [id=18868]
  0x000001d1ddb01bf0 GCTaskThread "GC Thread#9" [stack: 0x000000a0a4800000,0x000000a0a4900000] [id=368]
  0x000001d1ddb00e30 GCTaskThread "GC Thread#10" [stack: 0x000000a0a4900000,0x000000a0a4a00000] [id=4420]
  0x000001d1ddb01930 GCTaskThread "GC Thread#11" [stack: 0x000000a0a4a00000,0x000000a0a4b00000] [id=11160]
  0x000001d1de5cf9c0 GCTaskThread "GC Thread#12" [stack: 0x000000a0a4b00000,0x000000a0a4c00000] [id=1260]
  0x000001d1ca8d6d80 ConcurrentGCThread "G1 Main Marker" [stack: 0x000000a0a2200000,0x000000a0a2300000] [id=14596]
  0x000001d1ca8d86c0 ConcurrentGCThread "G1 Conc#0" [stack: 0x000000a0a2300000,0x000000a0a2400000] [id=10292]
  0x000001d1ddb026f0 ConcurrentGCThread "G1 Conc#1" [stack: 0x000000a0a4200000,0x000000a0a4300000] [id=8000]
  0x000001d1ddb013b0 ConcurrentGCThread "G1 Conc#2" [stack: 0x000000a0a4300000,0x000000a0a4400000] [id=5488]
  0x000001d1d87da100 ConcurrentGCThread "G1 Refine#0" [stack: 0x000000a0a2400000,0x000000a0a2500000] [id=4644]
  0x000001d1d87daa40 ConcurrentGCThread "G1 Service" [stack: 0x000000a0a2500000,0x000000a0a2600000] [id=2456]

Threads with active compile tasks:

VM state: at safepoint (normal execution)

VM Mutex/Monitor currently owned by a thread:  ([mutex/lock_event])
[0x000001d1c8488870] Threads_lock - owner thread: 0x000001d1d892a510
[0x000001d1c8487dc0] Heap_lock - owner thread: 0x000001d1def53770

Heap address: 0x0000000089400000, size: 1900 MB, Compressed Oops mode: 32-bit

CDS archive(s) not mapped
Compressed class space mapped at: 0x0000000100000000-0x0000000140000000, reserved size: 1073741824
Narrow klass base: 0x0000000000000000, Narrow klass shift: 3, Narrow klass range: 0x140000000

GC Precious Log:
 CPUs: 16 total, 16 available
 Memory: 7599M
 Large Page Support: Disabled
 NUMA Support: Disabled
 Compressed Oops: Enabled (32-bit)
 Heap Region Size: 1M
 Heap Min Capacity: 8M
 Heap Initial Capacity: 120M
 Heap Max Capacity: 1900M
 Pre-touch: Disabled
 Parallel Workers: 13
 Concurrent Workers: 3
 Concurrent Refinement Workers: 13
 Periodic GC: Disabled

Heap:
 garbage-first heap   total 58368K, used 31123K [0x0000000089400000, 0x0000000100000000)
  region size 1024K, 16 young (16384K), 3 survivors (3072K)
 Metaspace       used 47284K, committed 48832K, reserved 1114112K
  class space    used 6329K, committed 6912K, reserved 1048576K

Heap Regions: E=young(eden), S=young(survivor), O=old, HS=humongous(starts), HC=humongous(continues), CS=collection set, F=free, OA=open archive, CA=closed archive, TAMS=top-at-mark-start (previous, next)
|   0|0x0000000089400000, 0x00000000894fffe8, 0x0000000089500000| 99%| O|  |TAMS 0x00000000894fffe8, 0x0000000089400000| Untracked 
|   1|0x0000000089500000, 0x0000000089600000, 0x0000000089600000|100%| O|  |TAMS 0x0000000089600000, 0x0000000089500000| Untracked 
|   2|0x0000000089600000, 0x0000000089700000, 0x0000000089700000|100%| O|  |TAMS 0x0000000089700000, 0x0000000089600000| Untracked 
|   3|0x0000000089700000, 0x00000000897ffff0, 0x0000000089800000| 99%| O|  |TAMS 0x00000000897ffff0, 0x0000000089700000| Untracked 
|   4|0x0000000089800000, 0x00000000898ffff8, 0x0000000089900000| 99%| O|  |TAMS 0x00000000898ffff8, 0x0000000089800000| Untracked 
|   5|0x0000000089900000, 0x00000000899ffff8, 0x0000000089a00000| 99%| O|  |TAMS 0x00000000899ffff8, 0x0000000089900000| Untracked 
|   6|0x0000000089a00000, 0x0000000089affff8, 0x0000000089b00000| 99%| O|  |TAMS 0x0000000089affff8, 0x0000000089a00000| Untracked 
|   7|0x0000000089b00000, 0x0000000089bfff30, 0x0000000089c00000| 99%| O|  |TAMS 0x0000000089bfff30, 0x0000000089b00000| Untracked 
|   8|0x0000000089c00000, 0x0000000089cffff0, 0x0000000089d00000| 99%| O|  |TAMS 0x0000000089cffff0, 0x0000000089c00000| Untracked 
|   9|0x0000000089d00000, 0x0000000089dffff0, 0x0000000089e00000| 99%| O|  |TAMS 0x0000000089dffff0, 0x0000000089d00000| Untracked 
|  10|0x0000000089e00000, 0x0000000089effff0, 0x0000000089f00000| 99%| O|  |TAMS 0x0000000089e00000, 0x0000000089e00000| Untracked 
|  11|0x0000000089f00000, 0x0000000089fffff8, 0x000000008a000000| 99%| O|  |TAMS 0x0000000089f00000, 0x0000000089f00000| Untracked 
|  12|0x000000008a000000, 0x000000008a0ffff0, 0x000000008a100000| 99%| O|  |TAMS 0x000000008a000000, 0x000000008a000000| Untracked 
|  13|0x000000008a100000, 0x000000008a1c4ef0, 0x000000008a200000| 76%| O|  |TAMS 0x000000008a100000, 0x000000008a100000| Untracked 
|  14|0x000000008a200000, 0x000000008a2e2e80, 0x000000008a300000| 88%| O|  |TAMS 0x000000008a200000, 0x000000008a200000| Untracked 
|  15|0x000000008a300000, 0x000000008a3dce48, 0x000000008a400000| 86%| O|  |TAMS 0x000000008a300000, 0x000000008a300000| Untracked 
|  16|0x000000008a400000, 0x000000008a400000, 0x000000008a500000|  0%| F|  |TAMS 0x000000008a400000, 0x000000008a400000| Untracked 
|  17|0x000000008a500000, 0x000000008a500000, 0x000000008a600000|  0%| F|  |TAMS 0x000000008a500000, 0x000000008a500000| Untracked 
|  18|0x000000008a600000, 0x000000008a600000, 0x000000008a700000|  0%| F|  |TAMS 0x000000008a600000, 0x000000008a600000| Untracked 
|  19|0x000000008a700000, 0x000000008a700000, 0x000000008a800000|  0%| F|  |TAMS 0x000000008a700000, 0x000000008a700000| Untracked 
|  20|0x000000008a800000, 0x000000008a800000, 0x000000008a900000|  0%| F|  |TAMS 0x000000008a800000, 0x000000008a800000| Untracked 
|  21|0x000000008a900000, 0x000000008a900000, 0x000000008aa00000|  0%| F|  |TAMS 0x000000008a900000, 0x000000008a900000| Untracked 
|  22|0x000000008aa00000, 0x000000008aa00000, 0x000000008ab00000|  0%| F|  |TAMS 0x000000008aa00000, 0x000000008aa00000| Untracked 
|  23|0x000000008ab00000, 0x000000008ab00000, 0x000000008ac00000|  0%| F|  |TAMS 0x000000008ab00000, 0x000000008ab00000| Untracked 
|  24|0x000000008ac00000, 0x000000008ac00000, 0x000000008ad00000|  0%| F|  |TAMS 0x000000008ac00000, 0x000000008ac00000| Untracked 
|  25|0x000000008ad00000, 0x000000008ad00000, 0x000000008ae00000|  0%| F|  |TAMS 0x000000008ad00000, 0x000000008ad00000| Untracked 
|  26|0x000000008ae00000, 0x000000008ae00000, 0x000000008af00000|  0%| F|  |TAMS 0x000000008ae00000, 0x000000008ae00000| Untracked 
|  27|0x000000008af00000, 0x000000008af87620, 0x000000008b000000| 52%| S|CS|TAMS 0x000000008af00000, 0x000000008af00000| Complete 
|  28|0x000000008b000000, 0x000000008b100000, 0x000000008b100000|100%| S|CS|TAMS 0x000000008b000000, 0x000000008b000000| Complete 
|  29|0x000000008b100000, 0x000000008b200000, 0x000000008b200000|100%| S|CS|TAMS 0x000000008b100000, 0x000000008b100000| Complete 
|  30|0x000000008b200000, 0x000000008b200000, 0x000000008b300000|  0%| F|  |TAMS 0x000000008b200000, 0x000000008b200000| Untracked 
|  31|0x000000008b300000, 0x000000008b358c50, 0x000000008b400000| 34%| O|  |TAMS 0x000000008b300000, 0x000000008b300000| Untracked 
|  32|0x000000008b400000, 0x000000008b400000, 0x000000008b500000|  0%| F|  |TAMS 0x000000008b400000, 0x000000008b400000| Untracked 
|  33|0x000000008b500000, 0x000000008b500000, 0x000000008b600000|  0%| F|  |TAMS 0x000000008b500000, 0x000000008b500000| Untracked 
|  34|0x000000008b600000, 0x000000008b600000, 0x000000008b700000|  0%| F|  |TAMS 0x000000008b600000, 0x000000008b600000| Untracked 
|  35|0x000000008b700000, 0x000000008b700000, 0x000000008b800000|  0%| F|  |TAMS 0x000000008b700000, 0x000000008b700000| Untracked 
|  36|0x000000008b800000, 0x000000008b800000, 0x000000008b900000|  0%| F|  |TAMS 0x000000008b800000, 0x000000008b800000| Untracked 
|  37|0x000000008b900000, 0x000000008b900000, 0x000000008ba00000|  0%| F|  |TAMS 0x000000008b900000, 0x000000008b900000| Untracked 
|  38|0x000000008ba00000, 0x000000008ba00000, 0x000000008bb00000|  0%| F|  |TAMS 0x000000008ba00000, 0x000000008ba00000| Untracked 
|  39|0x000000008bb00000, 0x000000008bb00000, 0x000000008bc00000|  0%| F|  |TAMS 0x000000008bb00000, 0x000000008bb00000| Untracked 
|  40|0x000000008bc00000, 0x000000008bc00000, 0x000000008bd00000|  0%| F|  |TAMS 0x000000008bc00000, 0x000000008bc00000| Untracked 
|  41|0x000000008bd00000, 0x000000008bd00000, 0x000000008be00000|  0%| F|  |TAMS 0x000000008bd00000, 0x000000008bd00000| Untracked 
|  42|0x000000008be00000, 0x000000008be00000, 0x000000008bf00000|  0%| F|  |TAMS 0x000000008be00000, 0x000000008be00000| Untracked 
|  43|0x000000008bf00000, 0x000000008bf00000, 0x000000008c000000|  0%| F|  |TAMS 0x000000008bf00000, 0x000000008bf00000| Untracked 
|  44|0x000000008c000000, 0x000000008c0886f8, 0x000000008c100000| 53%| E|  |TAMS 0x000000008c000000, 0x000000008c000000| Complete 
|  45|0x000000008c100000, 0x000000008c200000, 0x000000008c200000|100%| E|CS|TAMS 0x000000008c100000, 0x000000008c100000| Complete 
|  46|0x000000008c200000, 0x000000008c300000, 0x000000008c300000|100%| E|CS|TAMS 0x000000008c200000, 0x000000008c200000| Complete 
|  47|0x000000008c300000, 0x000000008c400000, 0x000000008c400000|100%| E|CS|TAMS 0x000000008c300000, 0x000000008c300000| Complete 
|  48|0x000000008c400000, 0x000000008c500000, 0x000000008c500000|100%| E|CS|TAMS 0x000000008c400000, 0x000000008c400000| Complete 
|  49|0x000000008c500000, 0x000000008c600000, 0x000000008c600000|100%| E|CS|TAMS 0x000000008c500000, 0x000000008c500000| Complete 
|  50|0x000000008c600000, 0x000000008c700000, 0x000000008c700000|100%| E|CS|TAMS 0x000000008c600000, 0x000000008c600000| Complete 
|  51|0x000000008c700000, 0x000000008c800000, 0x000000008c800000|100%| E|CS|TAMS 0x000000008c700000, 0x000000008c700000| Complete 
|  52|0x000000008c800000, 0x000000008c900000, 0x000000008c900000|100%| E|CS|TAMS 0x000000008c800000, 0x000000008c800000| Complete 
|  53|0x000000008c900000, 0x000000008ca00000, 0x000000008ca00000|100%| E|CS|TAMS 0x000000008c900000, 0x000000008c900000| Complete 
|  54|0x000000008ca00000, 0x000000008cb00000, 0x000000008cb00000|100%| E|CS|TAMS 0x000000008ca00000, 0x000000008ca00000| Complete 
|  55|0x000000008cb00000, 0x000000008cc00000, 0x000000008cc00000|100%| E|CS|TAMS 0x000000008cb00000, 0x000000008cb00000| Complete 
|  56|0x000000008cc00000, 0x000000008cd00000, 0x000000008cd00000|100%| E|CS|TAMS 0x000000008cc00000, 0x000000008cc00000| Complete 

Card table byte_map: [0x000001d1d1a30000,0x000001d1d1df0000] _byte_map_base: 0x000001d1d15e6000

Marking Bits (Prev, Next): (CMBitMap*) 0x000001d1ca8aa220, (CMBitMap*) 0x000001d1ca8aa260
 Prev Bits: [0x000001d1d21b0000, 0x000001d1d3f60000)
 Next Bits: [0x000001d1d3f60000, 0x000001d1d5d10000)

Polling page: 0x000001d1c8780000

Metaspace:

Usage:
  Non-class:     39.99 MB used.
      Class:      6.18 MB used.
       Both:     46.18 MB used.

Virtual space:
  Non-class space:       64.00 MB reserved,      40.94 MB ( 64%) committed,  1 nodes.
      Class space:        1.00 GB reserved,       6.75 MB ( <1%) committed,  1 nodes.
             Both:        1.06 GB reserved,      47.69 MB (  4%) committed. 

Chunk freelists:
   Non-Class:  6.97 MB
       Class:  9.61 MB
        Both:  16.58 MB

MaxMetaspaceSize: unlimited
CompressedClassSpaceSize: 1.00 GB
Initial GC threshold: 21.00 MB
Current GC threshold: 79.94 MB
CDS: off
MetaspaceReclaimPolicy: balanced
 - commit_granule_bytes: 65536.
 - commit_granule_words: 8192.
 - virtual_space_node_default_size: 8388608.
 - enlarge_chunks_in_place: 1.
 - new_chunks_are_fully_committed: 0.
 - uncommit_free_chunks: 1.
 - use_allocation_guard: 0.
 - handle_deallocations: 1.


Internal statistics:

num_allocs_failed_limit: 8.
num_arena_births: 1552.
num_arena_deaths: 1066.
num_vsnodes_births: 2.
num_vsnodes_deaths: 0.
num_space_committed: 769.
num_space_uncommitted: 6.
num_chunks_returned_to_freelist: 1431.
num_chunks_taken_from_freelist: 3546.
num_chunk_merges: 552.
num_chunk_splits: 1963.
num_chunks_enlarged: 1090.
num_inconsistent_stats: 0.

CodeCache: size=49152Kb used=14881Kb max_used=16991Kb free=34270Kb
 bounds [0x000001d1ce010000, 0x000001d1cf0b0000, 0x000001d1d1010000]
 total_blobs=9059 nmethods=8520 adapters=466
 compilation: enabled
              stopped_count=0, restarted_count=0
 full_count=0

Compilation events (20 events):
Event: 1165.420 Thread 0x000001d1dd8caf60 8511       1       org.bson.io.ByteBufferBsonInput::readBytes (22 bytes)
Event: 1165.420 Thread 0x000001d1dd065c30 8512       1       org.bson.types.ObjectId::<init> (37 bytes)
Event: 1165.421 Thread 0x000001d1dd8caf60 nmethod 8511 0x000001d1ceecfe90 code [0x000001d1ceed0060, 0x000001d1ceed0288]
Event: 1165.422 Thread 0x000001d1dd065c30 nmethod 8512 0x000001d1ceecf310 code [0x000001d1ceecf560, 0x000001d1ceecfb08]
Event: 1165.440 Thread 0x000001d1dd065c30 8513       1       com.mongodb.internal.connection.ReplyHeader::<init> (233 bytes)
Event: 1165.440 Thread 0x000001d1dd8caf60 8514       1       java.nio.HeapByteBufferR::duplicate (36 bytes)
Event: 1165.441 Thread 0x000001d1dd8caf60 nmethod 8514 0x000001d1ceecee90 code [0x000001d1ceecf020, 0x000001d1ceecf1e8]
Event: 1165.442 Thread 0x000001d1dd065c30 nmethod 8513 0x000001d1ceeccb90 code [0x000001d1ceeccf20, 0x000001d1ceece3f8]
Event: 1175.422 Thread 0x000001d1dd065c30 8515       1       com.mongodb.internal.connection.ReplyMessage::<init> (69 bytes)
Event: 1175.423 Thread 0x000001d1dd065c30 nmethod 8515 0x000001d1ceecbd10 code [0x000001d1ceecbf40, 0x000001d1ceecc7b8]
Event: 1175.447 Thread 0x000001d1dd065c30 8516       1       com.mongodb.internal.connection.BsonWriterDecorator::writeName (11 bytes)
Event: 1175.447 Thread 0x000001d1dd065c30 nmethod 8516 0x000001d1ceecba10 code [0x000001d1ceecbba0, 0x000001d1ceecbc88]
Event: 1185.422 Thread 0x000001d1dd065c30 8517       1       org.bson.types.ObjectId::<init> (109 bytes)
Event: 1185.423 Thread 0x000001d1dd065c30 nmethod 8517 0x000001d1ceecac10 code [0x000001d1ceecaee0, 0x000001d1ceecb5d8]
Event: 1207.775 Thread 0x000001d1dd065c30 8518       1       java.net.InterfaceAddress::<init> (20 bytes)
Event: 1207.775 Thread 0x000001d1dd065c30 nmethod 8518 0x000001d1ceeca910 code [0x000001d1ceecaaa0, 0x000001d1ceecabb8]
Event: 1207.776 Thread 0x000001d1dd065c30 8519       1       java.util.concurrent.atomic.AtomicInteger::addAndGet (14 bytes)
Event: 1207.776 Thread 0x000001d1dd065c30 nmethod 8519 0x000001d1ceeca610 code [0x000001d1ceeca7a0, 0x000001d1ceeca878]
Event: 1207.778 Thread 0x000001d1dd065c30 8520       1       java.util.LinkedHashMap::clear (15 bytes)
Event: 1207.778 Thread 0x000001d1dd065c30 nmethod 8520 0x000001d1ceeca290 code [0x000001d1ceeca420, 0x000001d1ceeca568]

GC Heap History (20 events):
Event: 859.280 GC heap before
{Heap before GC invocations=54 (full 20):
 garbage-first heap   total 51200K, used 36053K [0x0000000089400000, 0x0000000100000000)
  region size 1024K, 20 young (20480K), 0 survivors (0K)
 Metaspace       used 48179K, committed 49088K, reserved 1114112K
  class space    used 6515K, committed 6912K, reserved 1048576K
}
Event: 859.283 GC heap after
{Heap after GC invocations=55 (full 20):
 garbage-first heap   total 51200K, used 18769K [0x0000000089400000, 0x0000000100000000)
  region size 1024K, 3 young (3072K), 3 survivors (3072K)
 Metaspace       used 48179K, committed 49088K, reserved 1114112K
  class space    used 6515K, committed 6912K, reserved 1048576K
}
Event: 882.120 GC heap before
{Heap before GC invocations=55 (full 20):
 garbage-first heap   total 51200K, used 36177K [0x0000000089400000, 0x0000000100000000)
  region size 1024K, 21 young (21504K), 3 survivors (3072K)
 Metaspace       used 48223K, committed 49152K, reserved 1114112K
  class space    used 6519K, committed 6912K, reserved 1048576K
}
Event: 882.163 GC heap after
{Heap after GC invocations=56 (full 21):
 garbage-first heap   total 51200K, used 16710K [0x0000000089400000, 0x0000000100000000)
  region size 1024K, 0 young (0K), 0 survivors (0K)
 Metaspace       used 48160K, committed 49152K, reserved 1114112K
  class space    used 6513K, committed 6912K, reserved 1048576K
}
Event: 882.381 GC heap before
{Heap before GC invocations=56 (full 21):
 garbage-first heap   total 51200K, used 38214K [0x0000000089400000, 0x0000000100000000)
  region size 1024K, 21 young (21504K), 0 survivors (0K)
 Metaspace       used 48179K, committed 49152K, reserved 1114112K
  class space    used 6515K, committed 6912K, reserved 1048576K
}
Event: 882.383 GC heap after
{Heap after GC invocations=57 (full 21):
 garbage-first heap   total 51200K, used 18823K [0x0000000089400000, 0x0000000100000000)
  region size 1024K, 3 young (3072K), 3 survivors (3072K)
 Metaspace       used 48179K, committed 49152K, reserved 1114112K
  class space    used 6515K, committed 6912K, reserved 1048576K
}
Event: 883.917 GC heap before
{Heap before GC invocations=57 (full 21):
 garbage-first heap   total 51200K, used 34183K [0x0000000089400000, 0x0000000100000000)
  region size 1024K, 19 young (19456K), 3 survivors (3072K)
 Metaspace       used 48223K, committed 49152K, reserved 1114112K
  class space    used 6519K, committed 6912K, reserved 1048576K
}
Event: 883.942 GC heap after
{Heap after GC invocations=58 (full 22):
 garbage-first heap   total 51200K, used 16756K [0x0000000089400000, 0x0000000100000000)
  region size 1024K, 0 young (0K), 0 survivors (0K)
 Metaspace       used 48161K, committed 49088K, reserved 1114112K
  class space    used 6513K, committed 6912K, reserved 1048576K
}
Event: 884.054 GC heap before
{Heap before GC invocations=58 (full 22):
 garbage-first heap   total 51200K, used 38260K [0x0000000089400000, 0x0000000100000000)
  region size 1024K, 21 young (21504K), 0 survivors (0K)
 Metaspace       used 48179K, committed 49088K, reserved 1114112K
  class space    used 6515K, committed 6912K, reserved 1048576K
}
Event: 884.056 GC heap after
{Heap after GC invocations=59 (full 22):
 garbage-first heap   total 51200K, used 18869K [0x0000000089400000, 0x0000000100000000)
  region size 1024K, 3 young (3072K), 3 survivors (3072K)
 Metaspace       used 48179K, committed 49088K, reserved 1114112K
  class space    used 6515K, committed 6912K, reserved 1048576K
}
Event: 1020.628 GC heap before
{Heap before GC invocations=59 (full 22):
 garbage-first heap   total 51200K, used 38325K [0x0000000089400000, 0x0000000100000000)
  region size 1024K, 22 young (22528K), 3 survivors (3072K)
 Metaspace       used 48220K, committed 49088K, reserved 1114112K
  class space    used 6518K, committed 6912K, reserved 1048576K
}
Event: 1020.631 GC heap after
{Heap after GC invocations=60 (full 22):
 garbage-first heap   total 61440K, used 19441K [0x0000000089400000, 0x0000000100000000)
  region size 1024K, 2 young (2048K), 2 survivors (2048K)
 Metaspace       used 48220K, committed 49088K, reserved 1114112K
  class space    used 6518K, committed 6912K, reserved 1048576K
}
Event: 1080.403 GC heap before
{Heap before GC invocations=60 (full 22):
 garbage-first heap   total 61440K, used 21489K [0x0000000089400000, 0x0000000100000000)
  region size 1024K, 5 young (5120K), 2 survivors (2048K)
 Metaspace       used 48223K, committed 49152K, reserved 1114112K
  class space    used 6519K, committed 6912K, reserved 1048576K
}
Event: 1080.441 GC heap after
{Heap after GC invocations=61 (full 23):
 garbage-first heap   total 58368K, used 14386K [0x0000000089400000, 0x0000000100000000)
  region size 1024K, 0 young (0K), 0 survivors (0K)
 Metaspace       used 47733K, committed 49088K, reserved 1114112K
  class space    used 6437K, committed 6912K, reserved 1048576K
}
Event: 1080.839 GC heap before
{Heap before GC invocations=61 (full 23):
 garbage-first heap   total 58368K, used 41010K [0x0000000089400000, 0x0000000100000000)
  region size 1024K, 26 young (26624K), 0 survivors (0K)
 Metaspace       used 47772K, committed 49088K, reserved 1114112K
  class space    used 6443K, committed 6912K, reserved 1048576K
}
Event: 1080.843 GC heap after
{Heap after GC invocations=62 (full 23):
 garbage-first heap   total 58368K, used 17441K [0x0000000089400000, 0x0000000100000000)
  region size 1024K, 3 young (3072K), 3 survivors (3072K)
 Metaspace       used 47772K, committed 49088K, reserved 1114112K
  class space    used 6443K, committed 6912K, reserved 1048576K
}
Event: 1135.082 GC heap before
{Heap before GC invocations=62 (full 23):
 garbage-first heap   total 58368K, used 32801K [0x0000000089400000, 0x0000000100000000)
  region size 1024K, 19 young (19456K), 3 survivors (3072K)
 Metaspace       used 47816K, committed 49088K, reserved 1114112K
  class space    used 6447K, committed 6912K, reserved 1048576K
}
Event: 1135.130 GC heap after
{Heap after GC invocations=63 (full 24):
 garbage-first heap   total 58368K, used 16245K [0x0000000089400000, 0x0000000100000000)
  region size 1024K, 0 young (0K), 0 survivors (0K)
 Metaspace       used 47217K, committed 48832K, reserved 1114112K
  class space    used 6322K, committed 6912K, reserved 1048576K
}
Event: 1135.375 GC heap before
{Heap before GC invocations=63 (full 24):
 garbage-first heap   total 58368K, used 42869K [0x0000000089400000, 0x0000000100000000)
  region size 1024K, 26 young (26624K), 0 survivors (0K)
 Metaspace       used 47240K, committed 48832K, reserved 1114112K
  class space    used 6326K, committed 6912K, reserved 1048576K
}
Event: 1135.378 GC heap after
{Heap after GC invocations=64 (full 24):
 garbage-first heap   total 58368K, used 18835K [0x0000000089400000, 0x0000000100000000)
  region size 1024K, 3 young (3072K), 3 survivors (3072K)
 Metaspace       used 47240K, committed 48832K, reserved 1114112K
  class space    used 6326K, committed 6912K, reserved 1048576K
}

Dll operation events (3 events):
Event: 0.014 Loaded shared library C:\Users\a\.jdks\jbrsdk-17.0.9\bin\java.dll
Event: 0.040 Loaded shared library C:\Users\a\.jdks\jbrsdk-17.0.9\bin\jsvml.dll
Event: 0.171 Loaded shared library C:\Users\a\.jdks\jbrsdk-17.0.9\bin\zip.dll

Deoptimization events (10 events):
Event: 1.153 Thread 0x000001d1ddaf9950 DEOPT PACKING pc=0x000001d1ce6d8799 sp=0x000000a0a38fcca0
Event: 1.153 Thread 0x000001d1ddaf9950 DEOPT UNPACKING pc=0x000001d1ce067143 sp=0x000000a0a38fc180 mode 3
Event: 1.474 Thread 0x000001d1ddaf9950 DEOPT PACKING pc=0x000001d1ce7a8555 sp=0x000000a0a38fde80
Event: 1.474 Thread 0x000001d1ddaf9950 DEOPT UNPACKING pc=0x000001d1ce067143 sp=0x000000a0a38fd328 mode 3
Event: 2.215 Thread 0x000001d1ddaf9950 DEOPT PACKING pc=0x000001d1ce8f747d sp=0x000000a0a38fc0a0
Event: 2.215 Thread 0x000001d1ddaf9950 DEOPT UNPACKING pc=0x000001d1ce067143 sp=0x000000a0a38fb608 mode 3
Event: 2.237 Thread 0x000001d1de66ac30 DEOPT PACKING pc=0x000001d1ce526217 sp=0x000000a0a3fff230
Event: 2.237 Thread 0x000001d1de66ac30 DEOPT UNPACKING pc=0x000001d1ce067143 sp=0x000000a0a3ffe688 mode 3
Event: 2.666 Thread 0x000001d1ddaf9950 DEOPT PACKING pc=0x000001d1ce9d101c sp=0x000000a0a38fd7d0
Event: 2.666 Thread 0x000001d1ddaf9950 DEOPT UNPACKING pc=0x000001d1ce067143 sp=0x000000a0a38fcd28 mode 0

Classes unloaded (20 events):
Event: 1135.096 Thread 0x000001d1d892a510 Unloading class 0x000000010067d800 'jdk/internal/reflect/GeneratedConstructorAccessor157'
Event: 1135.096 Thread 0x000001d1d892a510 Unloading class 0x000000010067d400 'jdk/internal/reflect/GeneratedMethodAccessor18'
Event: 1135.096 Thread 0x000001d1d892a510 Unloading class 0x000000010067c400 'jdk/internal/reflect/GeneratedConstructorAccessor153'
Event: 1135.096 Thread 0x000001d1d892a510 Unloading class 0x000000010067c000 'jdk/internal/reflect/GeneratedConstructorAccessor152'
Event: 1135.096 Thread 0x000001d1d892a510 Unloading class 0x000000010067bc00 'jdk/internal/reflect/GeneratedConstructorAccessor151'
Event: 1135.096 Thread 0x000001d1d892a510 Unloading class 0x000000010067b800 'jdk/internal/reflect/GeneratedConstructorAccessor150'
Event: 1135.096 Thread 0x000001d1d892a510 Unloading class 0x000000010067b400 'jdk/internal/reflect/GeneratedConstructorAccessor149'
Event: 1135.096 Thread 0x000001d1d892a510 Unloading class 0x000000010067b000 'jdk/internal/reflect/GeneratedMethodAccessor17'
Event: 1135.096 Thread 0x000001d1d892a510 Unloading class 0x000000010067ac00 'jdk/internal/reflect/GeneratedMethodAccessor16'
Event: 1135.096 Thread 0x000001d1d892a510 Unloading class 0x000000010067a800 'jdk/internal/reflect/GeneratedConstructorAccessor148'
Event: 1135.096 Thread 0x000001d1d892a510 Unloading class 0x0000000100678c00 'jdk/internal/reflect/GeneratedConstructorAccessor141'
Event: 1135.096 Thread 0x000001d1d892a510 Unloading class 0x0000000100678800 'jdk/internal/reflect/GeneratedMethodAccessor15'
Event: 1135.096 Thread 0x000001d1d892a510 Unloading class 0x0000000100677400 'jdk/internal/reflect/GeneratedConstructorAccessor138'
Event: 1135.096 Thread 0x000001d1d892a510 Unloading class 0x0000000100672800 'jdk/internal/reflect/GeneratedConstructorAccessor120'
Event: 1135.096 Thread 0x000001d1d892a510 Unloading class 0x000000010064d800 'jdk/proxy6/$Proxy83'
Event: 1135.096 Thread 0x000001d1d892a510 Unloading class 0x000000010064c258 'jdk/proxy6/$Proxy82'
Event: 1135.096 Thread 0x000001d1d892a510 Unloading class 0x000000010064c000 'com/example/CrudApplication$$SpringCGLIB$$0'
Event: 1135.096 Thread 0x000001d1d892a510 Unloading class 0x0000000100648448 'com/example/entity/Product'
Event: 1135.096 Thread 0x000001d1d892a510 Unloading class 0x0000000100648228 'com/example/repo/ProdRepository'
Event: 1135.096 Thread 0x000001d1d892a510 Unloading class 0x0000000100648000 'com/example/CrudApplication'

Classes redefined (0 events):
No events

Internal exceptions (20 events):
Event: 1080.933 Thread 0x000001d1def504d0 Exception <a 'sun/nio/fs/WindowsException'{0x000000008c7ef5e0}> (0x000000008c7ef5e0) 
thrown [s\src\hotspot\share\prims\jni.cpp, line 517]
Event: 1135.079 Thread 0x000001d1def51910 Exception <a 'java/lang/InterruptedException'{0x000000008be3c9d8}: sleep interrupted> (0x000000008be3c9d8) 
thrown [s\src\hotspot\share\prims\jvm.cpp, line 3067]
Event: 1135.079 Thread 0x000001d1def50ef0 Exception <a 'java/io/IOException'{0x000000008bead058}> (0x000000008bead058) 
thrown [s\src\hotspot\share\prims\jni.cpp, line 517]
Event: 1135.082 Thread 0x000001d1def53260 Exception <a 'java/lang/InterruptedException'{0x000000008bd1f3f0}: sleep interrupted> (0x000000008bd1f3f0) 
thrown [s\src\hotspot\share\prims\jvm.cpp, line 3067]
Event: 1135.145 Thread 0x000001d1de66ca90 Exception <a 'sun/nio/fs/WindowsException'{0x000000008cc751c0}> (0x000000008cc751c0) 
thrown [s\src\hotspot\share\prims\jni.cpp, line 517]
Event: 1135.165 Thread 0x000001d1de66ca90 Exception <a 'sun/nio/fs/WindowsException'{0x000000008cab7c28}> (0x000000008cab7c28) 
thrown [s\src\hotspot\share\prims\jni.cpp, line 517]
Event: 1135.273 Thread 0x000001d1de66ca90 Exception <a 'sun/nio/fs/WindowsException'{0x000000008bcd21a0}> (0x000000008bcd21a0) 
thrown [s\src\hotspot\share\prims\jni.cpp, line 517]
Event: 1135.276 Thread 0x000001d1de66ca90 Exception <a 'sun/nio/fs/WindowsException'{0x000000008bb031a8}> (0x000000008bb031a8) 
thrown [s\src\hotspot\share\prims\jni.cpp, line 517]
Event: 1135.306 Thread 0x000001d1de66ca90 Exception <a 'java/lang/NoClassDefFoundError'{0x000000008babc9a0}: org/flywaydb/core/Flyway> (0x000000008babc9a0) 
thrown [s\src\hotspot\share\oops\constantPool.cpp, line 835]
Event: 1135.306 Thread 0x000001d1de66ca90 Exception <a 'java/lang/NoClassDefFoundError'{0x000000008babcff0}: liquibase/integration/spring/SpringLiquibase> (0x000000008babcff0) 
thrown [s\src\hotspot\share\oops\constantPool.cpp, line 835]
Event: 1135.333 Thread 0x000001d1de66ca90 Exception <a 'sun/nio/fs/WindowsException'{0x000000008b6b23f0}> (0x000000008b6b23f0) 
thrown [s\src\hotspot\share\prims\jni.cpp, line 517]
Event: 1135.334 Thread 0x000001d1de66ca90 Exception <a 'sun/nio/fs/WindowsException'{0x000000008b6b29d0}> (0x000000008b6b29d0) 
thrown [s\src\hotspot\share\prims\jni.cpp, line 517]
Event: 1135.334 Thread 0x000001d1de66ca90 Exception <a 'sun/nio/fs/WindowsException'{0x000000008b6b3068}> (0x000000008b6b3068) 
thrown [s\src\hotspot\share\prims\jni.cpp, line 517]
Event: 1135.339 Thread 0x000001d1de66ca90 Exception <a 'java/io/FileNotFoundException'{0x000000008b6dd950}> (0x000000008b6dd950) 
thrown [s\src\hotspot\share\prims\jni.cpp, line 517]
Event: 1135.346 Thread 0x000001d1de66ca90 Exception <a 'java/io/FileNotFoundException'{0x000000008b5b80f0}> (0x000000008b5b80f0) 
thrown [s\src\hotspot\share\prims\jni.cpp, line 517]
Event: 1135.386 Thread 0x000001d1de66ca90 Exception <a 'sun/nio/fs/WindowsException'{0x000000008ccaef30}> (0x000000008ccaef30) 
thrown [s\src\hotspot\share\prims\jni.cpp, line 517]
Event: 1135.416 Thread 0x000001d1de66ca90 Exception <a 'sun/nio/fs/WindowsException'{0x000000008c932aa0}> (0x000000008c932aa0) 
thrown [s\src\hotspot\share\prims\jni.cpp, line 517]
Event: 1207.777 Thread 0x000001d1de66cfa0 Exception <a 'java/lang/InterruptedException'{0x000000008c14ffe8}: sleep interrupted> (0x000000008c14ffe8) 
thrown [s\src\hotspot\share\prims\jvm.cpp, line 3067]
Event: 1207.777 Thread 0x000001d1de66c580 Exception <a 'java/io/IOException'{0x000000008c001e20}> (0x000000008c001e20) 
thrown [s\src\hotspot\share\prims\jni.cpp, line 517]
Event: 1207.779 Thread 0x000001d1de66ac30 Exception <a 'java/lang/InterruptedException'{0x000000008c076e48}: sleep interrupted> (0x000000008c076e48) 
thrown [s\src\hotspot\share\prims\jvm.cpp, line 3067]

VM Operations (20 events):
Event: 1080.843 Executing VM operation: G1CollectForAllocation done
Event: 1081.843 Executing VM operation: Cleanup
Event: 1081.843 Executing VM operation: Cleanup done
Event: 1082.143 Executing VM operation: HandshakeAllThreads
Event: 1082.143 Executing VM operation: HandshakeAllThreads done
Event: 1135.082 Executing VM operation: G1CollectFull
Event: 1135.130 Executing VM operation: G1CollectFull done
Event: 1135.375 Executing VM operation: G1CollectForAllocation
Event: 1135.378 Executing VM operation: G1CollectForAllocation done
Event: 1136.385 Executing VM operation: Cleanup
Event: 1136.385 Executing VM operation: Cleanup done
Event: 1142.221 Executing VM operation: HandshakeAllThreads
Event: 1142.221 Executing VM operation: HandshakeAllThreads done
Event: 1156.353 Executing VM operation: Cleanup
Event: 1156.353 Executing VM operation: Cleanup done
Event: 1165.455 Executing VM operation: Cleanup
Event: 1165.455 Executing VM operation: Cleanup done
Event: 1175.555 Executing VM operation: Cleanup
Event: 1175.555 Executing VM operation: Cleanup done
Event: 1207.780 Executing VM operation: G1CollectFull

Events (20 events):
Event: 1207.765 Thread 0x000001d1def53770 Thread added: 0x000001d1def53770
Event: 1207.765 Thread 0x000001d1def504d0 Thread exited: 0x000001d1def504d0
Event: 1207.776 Thread 0x000001d1def4f5a0 Thread exited: 0x000001d1def4f5a0
Event: 1207.776 Thread 0x000001d1def56a10 Thread exited: 0x000001d1def56a10
Event: 1207.776 Thread 0x000001d1def4f090 Thread exited: 0x000001d1def4f090
Event: 1207.776 Thread 0x000001d1def50ef0 Thread exited: 0x000001d1def50ef0
Event: 1207.776 Thread 0x000001d1def555d0 Thread exited: 0x000001d1def555d0
Event: 1207.776 Thread 0x000001d1def509e0 Thread exited: 0x000001d1def509e0
Event: 1207.776 Thread 0x000001d1def52330 Thread exited: 0x000001d1def52330
Event: 1207.776 Thread 0x000001d1def55ae0 Thread exited: 0x000001d1def55ae0
Event: 1207.776 Thread 0x000001d1def51910 Thread exited: 0x000001d1def51910
Event: 1207.776 Thread 0x000001d1def55ff0 Thread exited: 0x000001d1def55ff0
Event: 1207.776 Thread 0x000001d1def56500 Thread exited: 0x000001d1def56500
Event: 1207.776 Thread 0x000001d1def550c0 Thread exited: 0x000001d1def550c0
Event: 1207.777 Thread 0x000001d1de66d4b0 Thread exited: 0x000001d1de66d4b0
Event: 1207.777 Thread 0x000001d1de66cfa0 Thread exited: 0x000001d1de66cfa0
Event: 1207.778 Thread 0x000001d1de66c580 Thread exited: 0x000001d1de66c580
Event: 1207.779 Thread 0x000001d1de66a210 Thread exited: 0x000001d1de66a210
Event: 1207.779 Thread 0x000001d1de66a720 Thread exited: 0x000001d1de66a720
Event: 1207.779 Thread 0x000001d1de66ac30 Thread exited: 0x000001d1de66ac30


Dynamic libraries:
0x00007ff6f57a0000 - 0x00007ff6f57aa000 	C:\Users\a\.jdks\jbrsdk-17.0.9\bin\java.exe
0x00007ffdb1630000 - 0x00007ffdb1847000 	C:\WINDOWS\SYSTEM32\ntdll.dll
0x00007ffdaf8a0000 - 0x00007ffdaf964000 	C:\WINDOWS\System32\KERNEL32.DLL
0x00007ffdaeb90000 - 0x00007ffdaef36000 	C:\WINDOWS\System32\KERNELBASE.dll
0x00007ffdaf1c0000 - 0x00007ffdaf2d1000 	C:\WINDOWS\System32\ucrtbase.dll
0x00007ffd9e0d0000 - 0x00007ffd9e0eb000 	C:\Users\a\.jdks\jbrsdk-17.0.9\bin\VCRUNTIME140.dll
0x00007ffd9d9e0000 - 0x00007ffd9d9f7000 	C:\Users\a\.jdks\jbrsdk-17.0.9\bin\jli.dll
0x00007ffdb13c0000 - 0x00007ffdb156e000 	C:\WINDOWS\System32\USER32.dll
0x00007ffd9d4d0000 - 0x00007ffd9d763000 	C:\WINDOWS\WinSxS\amd64_microsoft.windows.common-controls_6595b64144ccf1df_6.0.22621.2506_none_270c5ae97388e100\COMCTL32.dll
0x00007ffdaf350000 - 0x00007ffdaf376000 	C:\WINDOWS\System32\win32u.dll
0x00007ffdaf3a0000 - 0x00007ffdaf447000 	C:\WINDOWS\System32\msvcrt.dll
0x00007ffdb0850000 - 0x00007ffdb0879000 	C:\WINDOWS\System32\GDI32.dll
0x00007ffdaf0a0000 - 0x00007ffdaf1b8000 	C:\WINDOWS\System32\gdi32full.dll
0x00007ffdaef40000 - 0x00007ffdaefda000 	C:\WINDOWS\System32\msvcp_win.dll
0x00007ffdb0640000 - 0x00007ffdb0671000 	C:\WINDOWS\System32\IMM32.DLL
0x00007ffd9e280000 - 0x00007ffd9e28c000 	C:\Users\a\.jdks\jbrsdk-17.0.9\bin\vcruntime140_1.dll
0x00007ffd73620000 - 0x00007ffd736ad000 	C:\Users\a\.jdks\jbrsdk-17.0.9\bin\msvcp140.dll
0x00007ffd64f90000 - 0x00007ffd65c13000 	C:\Users\a\.jdks\jbrsdk-17.0.9\bin\server\jvm.dll
0x00007ffdafec0000 - 0x00007ffdaff73000 	C:\WINDOWS\System32\ADVAPI32.dll
0x00007ffdb0680000 - 0x00007ffdb0728000 	C:\WINDOWS\System32\sechost.dll
0x00007ffdaeb60000 - 0x00007ffdaeb88000 	C:\WINDOWS\System32\bcrypt.dll
0x00007ffdaf570000 - 0x00007ffdaf687000 	C:\WINDOWS\System32\RPCRT4.dll
0x00007ffdae220000 - 0x00007ffdae26d000 	C:\WINDOWS\SYSTEM32\POWRPROF.dll
0x00007ffda7e60000 - 0x00007ffda7e6a000 	C:\WINDOWS\SYSTEM32\VERSION.dll
0x00007ffda28f0000 - 0x00007ffda2924000 	C:\WINDOWS\SYSTEM32\WINMM.dll
0x00007ffda9af0000 - 0x00007ffda9af9000 	C:\WINDOWS\SYSTEM32\WSOCK32.dll
0x00007ffdb1570000 - 0x00007ffdb15e1000 	C:\WINDOWS\System32\WS2_32.dll
0x00007ffdae1b0000 - 0x00007ffdae1c3000 	C:\WINDOWS\SYSTEM32\UMPDC.dll
0x00007ffdad990000 - 0x00007ffdad9a8000 	C:\WINDOWS\SYSTEM32\kernel.appcore.dll
0x00007ffd9d9d0000 - 0x00007ffd9d9da000 	C:\Users\a\.jdks\jbrsdk-17.0.9\bin\jimage.dll
0x00007ffdabe60000 - 0x00007ffdac093000 	C:\WINDOWS\SYSTEM32\DBGHELP.DLL
0x00007ffdafb30000 - 0x00007ffdafeb9000 	C:\WINDOWS\System32\combase.dll
0x00007ffdb11e0000 - 0x00007ffdb12b7000 	C:\WINDOWS\System32\OLEAUT32.dll
0x00007ffda5f20000 - 0x00007ffda5f52000 	C:\WINDOWS\SYSTEM32\dbgcore.DLL
0x00007ffdae970000 - 0x00007ffdae9ea000 	C:\WINDOWS\System32\bcryptPrimitives.dll
0x00007ffda9f30000 - 0x00007ffda9f3e000 	C:\Users\a\.jdks\jbrsdk-17.0.9\bin\instrument.dll
0x00007ffd73920000 - 0x00007ffd73945000 	C:\Users\a\.jdks\jbrsdk-17.0.9\bin\java.dll
0x00007ffd73900000 - 0x00007ffd73918000 	C:\Users\a\.jdks\jbrsdk-17.0.9\bin\zip.dll
0x00007ffd64eb0000 - 0x00007ffd64f87000 	C:\Users\a\.jdks\jbrsdk-17.0.9\bin\jsvml.dll
0x00007ffdb0880000 - 0x00007ffdb10db000 	C:\WINDOWS\System32\SHELL32.dll
0x00007ffdac880000 - 0x00007ffdad176000 	C:\WINDOWS\SYSTEM32\windows.storage.dll
0x00007ffdac740000 - 0x00007ffdac87e000 	C:\WINDOWS\SYSTEM32\wintypes.dll
0x00007ffdb12c0000 - 0x00007ffdb13b3000 	C:\WINDOWS\System32\SHCORE.dll
0x00007ffdaf4c0000 - 0x00007ffdaf51e000 	C:\WINDOWS\System32\shlwapi.dll
0x00007ffdae8a0000 - 0x00007ffdae8c6000 	C:\WINDOWS\SYSTEM32\profapi.dll
0x00007ffd73600000 - 0x00007ffd73619000 	C:\Users\a\.jdks\jbrsdk-17.0.9\bin\net.dll
0x00007ffda9260000 - 0x00007ffda9397000 	C:\WINDOWS\SYSTEM32\WINHTTP.dll
0x00007ffdadea0000 - 0x00007ffdadf09000 	C:\WINDOWS\system32\mswsock.dll
0x00007ffd72e70000 - 0x00007ffd72e86000 	C:\Users\a\.jdks\jbrsdk-17.0.9\bin\nio.dll
0x00007ffd9e290000 - 0x00007ffd9e2aa000 	C:\Program Files\JetBrains\IntelliJ IDEA 2023.2.5\bin\breakgen64.dll
0x00007ffdad410000 - 0x00007ffdad509000 	C:\WINDOWS\SYSTEM32\DNSAPI.dll
0x00007ffdad3e0000 - 0x00007ffdad40d000 	C:\WINDOWS\SYSTEM32\IPHLPAPI.DLL
0x00007ffdb01a0000 - 0x00007ffdb01a9000 	C:\WINDOWS\System32\NSI.dll
0x00007ffda8180000 - 0x00007ffda818a000 	C:\Windows\System32\rasadhlp.dll
0x00007ffda8390000 - 0x00007ffda8413000 	C:\WINDOWS\System32\fwpuclnt.dll
0x00007ffda9f20000 - 0x00007ffda9f29000 	C:\Users\a\.jdks\jbrsdk-17.0.9\bin\management.dll
0x00007ffda9ef0000 - 0x00007ffda9efb000 	C:\Users\a\.jdks\jbrsdk-17.0.9\bin\management_ext.dll
0x00007ffdaf4b0000 - 0x00007ffdaf4b8000 	C:\WINDOWS\System32\PSAPI.DLL
0x00007ffdae0f0000 - 0x00007ffdae10b000 	C:\WINDOWS\SYSTEM32\CRYPTSP.dll
0x00007ffdad8f0000 - 0x00007ffdad925000 	C:\WINDOWS\system32\rsaenh.dll
0x00007ffdadf90000 - 0x00007ffdadfbc000 	C:\WINDOWS\SYSTEM32\USERENV.dll
0x00007ffdae110000 - 0x00007ffdae11c000 	C:\WINDOWS\SYSTEM32\CRYPTBASE.dll
0x00007ffda8e90000 - 0x00007ffda8ea9000 	C:\WINDOWS\SYSTEM32\dhcpcsvc6.DLL
0x00007ffda8e50000 - 0x00007ffda8e6f000 	C:\WINDOWS\SYSTEM32\dhcpcsvc.DLL
0x00007ffd89610000 - 0x00007ffd89627000 	C:\WINDOWS\system32\napinsp.dll
0x00007ffd895f0000 - 0x00007ffd8960b000 	C:\WINDOWS\system32\pnrpnsp.dll
0x00007ffd895d0000 - 0x00007ffd895e1000 	C:\WINDOWS\System32\winrnr.dll
0x00007ffd915a0000 - 0x00007ffd915b5000 	C:\WINDOWS\system32\wshbth.dll
0x00007ffd894c0000 - 0x00007ffd894e1000 	C:\WINDOWS\system32\nlansp_c.dll
0x00007ffda2290000 - 0x00007ffda229e000 	C:\Users\a\.jdks\jbrsdk-17.0.9\bin\sunmscapi.dll
0x00007ffdae9f0000 - 0x00007ffdaeb56000 	C:\WINDOWS\System32\CRYPT32.dll
0x00007ffdae310000 - 0x00007ffdae33e000 	C:\WINDOWS\SYSTEM32\ncrypt.dll
0x00007ffdae2d0000 - 0x00007ffdae307000 	C:\WINDOWS\SYSTEM32\NTASN1.dll
0x00007ffda3db0000 - 0x00007ffda3db8000 	C:\WINDOWS\system32\wshunix.dll

dbghelp: loaded successfully - version: 4.0.5 - missing functions: none
symbol engine: initialized successfully - sym options: 0x614 - pdb path: .;C:\Users\a\.jdks\jbrsdk-17.0.9\bin;C:\WINDOWS\SYSTEM32;C:\WINDOWS\WinSxS\amd64_microsoft.windows.common-controls_6595b64144ccf1df_6.0.22621.2506_none_270c5ae97388e100;C:\Users\a\.jdks\jbrsdk-17.0.9\bin\server;C:\Program Files\JetBrains\IntelliJ IDEA 2023.2.5\bin

VM Arguments:
jvm_args: -XX:TieredStopAtLevel=1 -Dspring.output.ansi.enabled=always -Dcom.sun.management.jmxremote -Dspring.jmx.enabled=true -Dspring.liveBeansView.mbeanDomain -Dspring.application.admin.enabled=true -Dmanagement.endpoints.jmx.exposure.include=* -javaagent:C:\Program Files\JetBrains\IntelliJ IDEA 2023.2.5\lib\idea_rt.jar=50698:C:\Program Files\JetBrains\IntelliJ IDEA 2023.2.5\bin -Dfile.encoding=UTF-8 
java_command: com.example.CrudApplication
java_class_path (initial): D:\Study\java\crud\target\classes;C:\Users\a\.m2\repository\org\springframework\boot\spring-boot-starter-data-mongodb\3.2.3\spring-boot-starter-data-mongodb-3.2.3.jar;C:\Users\a\.m2\repository\org\springframework\boot\spring-boot-starter\3.2.3\spring-boot-starter-3.2.3.jar;C:\Users\a\.m2\repository\org\springframework\boot\spring-boot-starter-logging\3.2.3\spring-boot-starter-logging-3.2.3.jar;C:\Users\a\.m2\repository\ch\qos\logback\logback-classic\1.4.14\logback-classic-1.4.14.jar;C:\Users\a\.m2\repository\ch\qos\logback\logback-core\1.4.14\logback-core-1.4.14.jar;C:\Users\a\.m2\repository\org\apache\logging\log4j\log4j-to-slf4j\2.21.1\log4j-to-slf4j-2.21.1.jar;C:\Users\a\.m2\repository\org\apache\logging\log4j\log4j-api\2.21.1\log4j-api-2.21.1.jar;C:\Users\a\.m2\repository\org\slf4j\jul-to-slf4j\2.0.12\jul-to-slf4j-2.0.12.jar;C:\Users\a\.m2\repository\jakarta\annotation\jakarta.annotation-api\2.1.1\jakarta.annotation-api-2.1.1.jar;C:\Users\a\.m2\repository\org\yaml\snakeyaml\2.2\snakeyaml-2.2.jar;C:\Users\a\.m2\repository\org\mongodb\mongodb-driver-sync\4.11.1\mongodb-driver-sync-4.11.1.jar;C:\Users\a\.m2\repository\org\mongodb\bson\4.11.1\bson-4.11.1.jar;C:\Users\a\.m2\repository\org\mongodb\mongodb-driver-core\4.11.1\mongodb-driver-core-4.11.1.jar;C:\Users\a\.m2\repository\org\mongodb\bson-record-codec\4.11.1\bson-record-codec-4.11.1.jar;C:\Users\a\.m2\repository\org\springframework\data\spring-data-mongodb\4.2.3\spring-data-mongodb-4.2.3.jar;C:\Users\a\.m2\repository\org\springframework\spring-tx\6.1.4\spring-tx-6.1.4.jar;C:\Users\a\.m2\repository\org\springframework\spring-context\6.1.4\spring-context-6.1.4.jar;C:\Users\a\.m2\repository\org\springframework\spring-beans\6.1.4\spring-beans-6.1.4.jar;C:\Users\a\.m2\repository\org\springframework\spring-expression\6.1.4\spring-expression-6.1.4.jar;C:\Users\a\.m2\repository\org\springframework\data\spring-data-commons\3.2.3\spring-data-commons-3.2.3.jar;C:\Users\a\.m2\repository\org\sl
Launcher Type: SUN_STANDARD

[Global flags]
     intx CICompilerCount                          = 12                                        {product} {ergonomic}
     uint ConcGCThreads                            = 3                                         {product} {ergonomic}
     uint G1ConcRefinementThreads                  = 13                                        {product} {ergonomic}
   size_t G1HeapRegionSize                         = 1048576                                   {product} {ergonomic}
    uintx GCDrainStackTargetSize                   = 64                                        {product} {ergonomic}
   size_t InitialHeapSize                          = 125829120                                 {product} {ergonomic}
     bool ManagementServer                         = true                                      {product} {command line}
   size_t MarkStackSize                            = 4194304                                   {product} {ergonomic}
   size_t MaxHeapSize                              = 1992294400                                {product} {ergonomic}
   size_t MaxNewSize                               = 1195376640                                {product} {ergonomic}
   size_t MinHeapDeltaBytes                        = 1048576                                   {product} {ergonomic}
   size_t MinHeapSize                              = 8388608                                   {product} {ergonomic}
    uintx NonProfiledCodeHeapSize                  = 0                                      {pd product} {ergonomic}
     bool ProfileInterpreter                       = false                                  {pd product} {command line}
    uintx ProfiledCodeHeapSize                     = 0                                      {pd product} {ergonomic}
   size_t SoftMaxHeapSize                          = 1992294400                             {manageable} {ergonomic}
     intx TieredStopAtLevel                        = 1                                         {product} {command line}
     bool UseCompressedClassPointers               = true                           {product lp64_product} {ergonomic}
     bool UseCompressedOops                        = true                           {product lp64_product} {ergonomic}
     bool UseG1GC                                  = true                                      {product} {ergonomic}
     bool UseLargePagesIndividualAllocation        = false                                  {pd product} {ergonomic}

Logging:
Log output configuration:
 #0: stdout all=warning uptime,level,tags
 #1: stderr all=off uptime,level,tags

Environment Variables:
PATH=C:\Program Files (x86)\Common Files\Oracle\Java\javapath;C:\WINDOWS\system32;C:\WINDOWS;C:\WINDOWS\System32\Wbem;C:\WINDOWS\System32\WindowsPowerShell\v1.0\;C:\WINDOWS\System32\OpenSSH\;C:\Program Files (x86)\NVIDIA Corporation\PhysX\Common;C:\Program Files\NVIDIA Corporation\NVIDIA NvDLISR;C:\MinGW\bin;C:\Program Files\Git\cmd;C:\Program Files\dotnet\;C:\Program Files\Microsoft SQL Server\150\Tools\Binn\;C:\Program Files\Microsoft SQL Server\Client SDK\ODBC\170\Tools\Binn\;C:\Program Files (x86)\Microsoft SQL Server\160\Tools\Binn\;C:\Program Files\Microsoft SQL Server\160\Tools\Binn\;C:\Program Files\Microsoft SQL Server\160\DTS\Binn\;C:\Program Files (x86)\Microsoft SQL Server\160\DTS\Binn\;C:\Program Files\Azure Data Studio\bin;C:\Program Files\OpenSSL-Win64\bin;C:\TDM-GCC-32\bin;C:\php;C:\Program Files\Docker\Docker\resources\bin;%NVM_HOME%;%NVM_SYMLINK%;C:\Users\a\.console-ninja\.bin;C:\Program Files\MySQL\MySQL Shell 8.0\bin\;C:\Users\a\AppData\Local\Microsoft\WindowsApps;C:\Users\a\AppData\Local\Programs\Microsoft VS Code\bin;C:\Users\a\AppData\Roaming\npm;C:\Users\a\.dotnet\tools;C:\Program Files\Azure Data Studio\bin;C:\Users\a\AppData\Local\Microsoft\WindowsApps;C:\Users\a\.dotnet\tools;C:\Users\a\AppData\Roaming\nvm;C:\Program Files\nodejs
USERNAME=a
OS=Windows_NT
PROCESSOR_IDENTIFIER=AMD64 Family 23 Model 96 Stepping 1, AuthenticAMD
TMP=C:\Users\a\AppData\Local\Temp
TEMP=C:\Users\a\AppData\Local\Temp



Periodic native trim disabled

JNI global refs:
JNI global refs: 25, weak refs: 0

JNI global refs memory usage: 843, weak refs: 209

OOME stack traces (most recent first):
Classloader memory used:
Loader jdk.internal.loader.ClassLoaders$AppClassLoader                                 : 3459K
Loader bootstrap                                                                       : 2279K
Loader org.springframework.boot.devtools.restart.classloader.RestartClassLoader        : 129K
Loader jdk.internal.loader.ClassLoaders$PlatformClassLoader                            : 22991B
Loader jdk.internal.reflect.DelegatingClassLoader                                      : 18627B
Loader org.springframework.boot.web.embedded.tomcat.TomcatEmbeddedWebappClassLoader    : 686B
Loader sun.reflect.misc.MethodUtil                                                     : 373B

Classes loaded by more than one classloader:
Class com.example.CrudApplication                                                     : loaded 20 times (x 69B)
Class com.example.entity.Product                                                      : loaded 19 times (x 79B)
Class com.example.CrudApplication$$SpringCGLIB$$0                                     : loaded 19 times (x 75B)
Class com.example.repo.ProdRepository                                                 : loaded 12 times (x 68B)
Class com.example.repo.ProductRepository                                              : loaded 5 times (x 68B)
Class org.apache.catalina.loader.JdbcLeakPrevention                                   : loaded 2 times (x 70B)


---------------  S Y S T E M  ---------------

OS:
 Windows 11 , 64 bit Build 22621 (10.0.22621.3085)
OS uptime: 4 days 11:47 hours
Hyper-V role detected

CPU: total 16 (initial active 16) (16 cores per cpu, 2 threads per core) family 23 model 96 stepping 1 microcode 0x0, cx8, cmov, fxsr, ht, mmx, 3dnowpref, sse, sse2, sse3, ssse3, sse4a, sse4.1, sse4.2, popcnt, lzcnt, tsc, tscinvbit, avx, avx2, aes, clmul, bmi1, bmi2, adx, sha, fma, vzeroupper, clflush, clflushopt, hv
Processor Information for all 16 processors :
  Max Mhz: 2901, Current Mhz: 2901, Mhz Limit: 2901

Memory: 4k page, system-wide physical 7599M (342M free)
TotalPageFile size 31151M (AvailPageFile size 6M)
current process WorkingSet (physical memory assigned to process): 187M, peak: 187M
current process commit charge ("private bytes"): 239M, peak: 243M

vm_info: OpenJDK 64-Bit Server VM (17.0.9+7-b1087.7) for windows-amd64 JRE (17.0.9+7-b1087.7), built on 2023-11-17 by "builduser" with MS VC++ 16.10 / 16.11 (VS2019)

END.
